TN:
SF:src\lib\block.ts
FN:23,Block
FN:37,getHash
FN:49,mine
FN:66,isValid
FN:89,fromBlockInfo
FNF:5
FNH:5
FNDA:12,Block
FNDA:21,getHash
FNDA:5,mine
FNDA:11,isValid
FNDA:1,fromBlockInfo
DA:1,1
DA:2,1
DA:3,1
DA:4,1
DA:5,1
DA:6,1
DA:7,1
DA:8,1
DA:9,1
DA:10,1
DA:11,1
DA:12,1
DA:13,1
DA:14,1
DA:15,1
DA:16,1
DA:17,1
DA:18,1
DA:19,1
DA:20,1
DA:21,1
DA:22,1
DA:23,1
DA:24,12
DA:25,12
DA:26,12
DA:27,12
DA:28,12
DA:29,12
DA:30,12
DA:31,12
DA:32,12
DA:33,12
DA:34,12
DA:35,12
DA:36,1
DA:37,1
DA:38,21
DA:39,21
DA:40,21
DA:41,21
DA:42,21
DA:43,1
DA:44,1
DA:45,1
DA:46,1
DA:47,1
DA:48,1
DA:49,1
DA:50,5
DA:51,5
DA:52,5
DA:53,5
DA:54,5
DA:55,5
DA:56,5
DA:57,5
DA:58,1
DA:59,1
DA:60,1
DA:61,1
DA:62,1
DA:63,1
DA:64,1
DA:65,1
DA:66,1
DA:67,11
DA:68,10
DA:69,10
DA:70,9
DA:71,9
DA:72,9
DA:73,9
DA:74,10
DA:75,10
DA:76,8
DA:77,11
DA:78,11
DA:79,11
DA:80,11
DA:81,3
DA:82,3
DA:83,11
DA:84,11
DA:85,2
DA:86,2
DA:87,2
DA:88,1
DA:89,1
DA:90,1
DA:91,1
DA:92,1
DA:93,1
DA:94,1
DA:95,1
DA:96,1
LF:96
LH:96
BRDA:23,0,0,12
BRDA:24,1,0,2
BRDA:24,2,0,10
BRDA:24,3,0,3
BRDA:25,4,0,2
BRDA:25,5,0,10
BRDA:26,6,0,2
BRDA:26,7,0,10
BRDA:26,8,0,3
BRDA:28,9,0,2
BRDA:28,10,0,10
BRDA:29,11,0,10
BRDA:30,12,0,2
BRDA:32,13,0,2
BRDA:32,14,0,10
BRDA:33,15,0,2
BRDA:33,16,0,10
BRDA:34,17,0,2
BRDA:34,18,0,10
BRDA:29,19,0,11
BRDA:37,20,0,21
BRDA:39,21,0,19
BRDA:40,22,0,2
BRDA:39,23,0,21
BRDA:39,24,0,2
BRDA:49,25,0,5
BRDA:66,26,0,11
BRDA:67,27,0,10
BRDA:69,28,0,1
BRDA:70,29,0,9
BRDA:74,30,0,2
BRDA:76,31,0,8
BRDA:77,32,0,2
BRDA:78,33,0,6
BRDA:78,34,0,1
BRDA:79,35,0,5
BRDA:79,36,0,1
BRDA:80,37,0,4
BRDA:80,38,0,3
BRDA:80,39,0,1
BRDA:81,40,0,3
BRDA:83,41,0,2
BRDA:84,42,0,1
BRDA:85,43,0,2
BRDA:68,44,0,11
BRDA:71,45,0,9
BRDA:72,46,0,9
BRDA:72,47,0,2
BRDA:89,48,0,1
BRF:49
BRH:49
end_of_record
TN:
SF:src\lib\blockchain.ts
FN:22,Blockchain
FN:35,getLastBlock
FN:39,getDifficulty
FN:43,addTransaction
FN:58,addBlock
FN:78,getBlock
FN:82,getTransaction
FN:101,isValid
FN:112,getFeePerTx
FN:116,getNextBlock
FNF:10
FNH:10
FNDA:16,Blockchain
FNDA:5,getLastBlock
FNDA:6,getDifficulty
FNDA:4,addTransaction
FNDA:4,addBlock
FNDA:1,getBlock
FNDA:3,getTransaction
FNDA:3,isValid
FNDA:1,getFeePerTx
FNDA:2,getNextBlock
DA:1,1
DA:2,1
DA:3,1
DA:4,1
DA:5,1
DA:6,1
DA:7,1
DA:8,1
DA:9,1
DA:10,1
DA:11,1
DA:12,1
DA:13,1
DA:14,1
DA:15,1
DA:16,1
DA:17,1
DA:18,1
DA:19,1
DA:20,1
DA:21,1
DA:22,1
DA:23,16
DA:24,16
DA:25,16
DA:26,16
DA:27,16
DA:28,16
DA:29,16
DA:30,16
DA:31,16
DA:32,16
DA:33,16
DA:34,1
DA:35,1
DA:36,5
DA:37,5
DA:38,1
DA:39,1
DA:40,6
DA:41,6
DA:42,1
DA:43,1
DA:44,4
DA:45,4
DA:46,4
DA:47,3
DA:48,3
DA:49,4
DA:50,2
DA:51,2
DA:52,4
DA:53,1
DA:54,1
DA:55,1
DA:56,1
DA:57,1
DA:58,1
DA:59,4
DA:60,4
DA:61,4
DA:62,4
DA:63,4
DA:64,3
DA:65,3
DA:66,3
DA:67,3
DA:68,4
DA:69,2
DA:70,2
DA:71,2
DA:72,2
DA:73,2
DA:74,2
DA:75,2
DA:76,2
DA:77,1
DA:78,1
DA:79,1
DA:80,1
DA:81,1
DA:82,1
DA:83,3
DA:84,3
DA:85,3
DA:86,1
DA:87,1
DA:88,1
DA:89,2
DA:90,2
DA:91,3
DA:92,1
DA:93,1
DA:94,1
DA:95,1
DA:96,1
DA:97,1
DA:98,1
DA:99,1
DA:100,1
DA:101,1
DA:102,3
DA:103,1
DA:104,1
DA:105,1
DA:106,1
DA:107,1
DA:108,1
DA:109,2
DA:110,2
DA:111,1
DA:112,1
DA:113,1
DA:114,1
DA:115,1
DA:116,1
DA:117,2
DA:118,2
DA:119,1
DA:120,1
DA:121,1
DA:122,1
DA:123,1
DA:124,1
DA:125,1
DA:126,1
DA:127,1
DA:128,1
DA:129,1
DA:130,1
DA:131,1
DA:132,1
DA:133,1
DA:134,1
DA:135,1
LF:135
LH:135
BRDA:22,0,0,16
BRDA:35,1,0,5
BRDA:39,2,0,6
BRDA:43,3,0,4
BRDA:46,4,0,1
BRDA:47,5,0,3
BRDA:49,6,0,1
BRDA:50,7,0,2
BRDA:52,8,0,1
BRDA:48,9,0,4
BRDA:48,10,0,4
BRDA:51,11,0,1
BRDA:58,12,0,4
BRDA:63,13,0,1
BRDA:64,14,0,3
BRDA:68,15,0,1
BRDA:69,16,0,2
BRDA:65,17,0,3
BRDA:65,18,0,3
BRDA:66,19,0,2
BRDA:78,20,0,1
BRDA:79,21,0,1
BRDA:82,22,0,3
BRDA:85,23,0,1
BRDA:89,24,0,2
BRDA:91,25,0,1
BRDA:83,26,0,1
BRDA:90,27,0,3
BRDA:90,28,0,3
BRDA:94,29,0,1
BRDA:101,30,0,3
BRDA:102,31,0,1
BRDA:109,32,0,2
BRDA:112,33,0,1
BRDA:116,34,0,2
BRDA:118,35,0,1
BRF:36
BRH:36
end_of_record
TN:
SF:src\lib\transaction.ts
FN:14,Transaction
FN:21,getHash
FN:25,isValid
FNF:3
FNH:3
FNDA:6,Transaction
FNDA:9,getHash
FNDA:5,isValid
DA:1,1
DA:2,1
DA:3,1
DA:4,1
DA:5,1
DA:6,1
DA:7,1
DA:8,1
DA:9,1
DA:10,1
DA:11,1
DA:12,1
DA:13,1
DA:14,1
DA:15,6
DA:16,6
DA:17,6
DA:18,6
DA:19,6
DA:20,1
DA:21,1
DA:22,9
DA:23,9
DA:24,1
DA:25,1
DA:26,5
DA:27,5
DA:28,4
DA:29,4
DA:30,5
DA:31,3
DA:32,3
DA:33,3
DA:34,1
LF:34
LH:34
BRDA:14,0,0,6
BRDA:15,1,0,1
BRDA:15,2,0,5
BRDA:15,3,0,3
BRDA:16,4,0,1
BRDA:16,5,0,5
BRDA:16,6,0,4
BRDA:17,7,0,1
BRDA:17,8,0,5
BRDA:17,9,0,1
BRDA:18,10,0,1
BRDA:18,11,0,5
BRDA:18,12,0,4
BRDA:21,13,0,9
BRDA:25,14,0,5
BRDA:27,15,0,1
BRDA:28,16,0,4
BRDA:30,17,0,1
BRDA:31,18,0,3
BRF:19
BRH:19
end_of_record
TN:
SF:src\lib\validation.ts
FN:13,Validation
FNF:1
FNH:1
FNDA:49,Validation
DA:1,1
DA:2,1
DA:3,1
DA:4,1
DA:5,1
DA:6,1
DA:7,1
DA:8,1
DA:9,1
DA:10,1
DA:11,1
DA:12,1
DA:13,1
DA:14,49
DA:15,49
DA:16,49
DA:17,1
LF:17
LH:17
BRDA:13,0,0,49
BRF:1
BRH:1
end_of_record
TN:
SF:src\server\blockchainServer.ts
FNF:0
FNH:0
DA:1,1
DA:2,1
DA:3,1
DA:4,1
DA:5,1
DA:6,1
DA:7,1
DA:8,1
DA:9,1
DA:10,1
DA:11,1
DA:12,1
DA:13,1
DA:14,1
DA:15,1
DA:16,1
DA:17,1
DA:18,1
DA:19,1
DA:20,1
DA:21,1
DA:22,1
DA:23,1
DA:24,1
DA:25,1
DA:26,1
DA:27,1
DA:28,1
DA:29,1
DA:30,1
DA:31,1
DA:32,1
DA:33,1
DA:34,1
DA:35,1
DA:36,1
DA:37,1
DA:38,1
DA:39,1
DA:40,1
DA:41,1
DA:42,1
DA:43,1
DA:44,1
DA:45,1
DA:46,1
DA:47,1
DA:48,1
DA:49,1
DA:50,1
DA:51,1
DA:52,1
DA:53,1
DA:54,1
DA:55,1
DA:56,1
DA:57,1
DA:58,1
DA:59,1
DA:60,1
DA:61,1
DA:62,1
DA:63,1
DA:64,1
DA:65,1
DA:66,1
DA:67,1
DA:68,1
DA:69,1
DA:70,1
DA:71,1
DA:72,1
DA:73,1
DA:74,1
DA:75,1
DA:76,1
DA:77,1
DA:78,1
DA:79,1
DA:80,1
DA:81,1
DA:82,1
DA:83,1
DA:84,1
DA:85,1
DA:86,1
DA:87,1
DA:88,1
DA:89,1
LF:89
LH:89
BRDA:11,0,0,1
BRDA:84,1,0,1
BRDA:23,2,0,1
BRDA:31,3,0,1
BRDA:35,4,0,1
BRDA:38,5,0,1
BRDA:39,6,0,1
BRDA:43,7,0,1
BRDA:44,8,0,1
BRDA:48,9,0,1
BRDA:49,10,0,1
BRDA:50,11,0,1
BRDA:55,12,0,1
BRDA:60,13,0,1
BRDA:63,14,0,1
BRDA:70,15,0,1
BRDA:71,16,0,1
BRDA:78,17,0,1
BRF:18
BRH:18
end_of_record
