TN:
SF:src\lib\block.ts
FN:21,Block
FN:31,getHash
FN:40,mine
FN:57,isValid
FN:71,fromBlockInfo
FNF:5
FNH:5
FNDA:10,Block
FNDA:17,getHash
FNDA:3,mine
FNDA:9,isValid
FNDA:1,fromBlockInfo
DA:1,1
DA:2,1
DA:3,1
DA:4,1
DA:5,1
DA:6,1
DA:7,1
DA:8,1
DA:9,1
DA:10,1
DA:11,1
DA:12,1
DA:13,1
DA:14,1
DA:15,1
DA:16,1
DA:17,1
DA:18,1
DA:19,1
DA:20,1
DA:21,1
DA:22,10
DA:23,10
DA:24,10
DA:25,10
DA:26,10
DA:27,10
DA:28,10
DA:29,10
DA:30,1
DA:31,1
DA:32,17
DA:33,17
DA:34,1
DA:35,1
DA:36,1
DA:37,1
DA:38,1
DA:39,1
DA:40,1
DA:41,3
DA:42,3
DA:43,3
DA:44,3
DA:45,3
DA:46,3
DA:47,3
DA:48,3
DA:49,1
DA:50,1
DA:51,1
DA:52,1
DA:53,1
DA:54,1
DA:55,1
DA:56,1
DA:57,1
DA:58,9
DA:59,9
DA:60,9
DA:61,9
DA:62,9
DA:63,3
DA:64,3
DA:65,9
DA:66,9
DA:67,2
DA:68,2
DA:69,2
DA:70,1
DA:71,1
DA:72,1
DA:73,1
DA:74,1
DA:75,1
DA:76,1
DA:77,1
DA:78,1
LF:78
LH:78
BRDA:21,0,0,10
BRDA:22,1,0,2
BRDA:22,2,0,8
BRDA:22,3,0,3
BRDA:23,4,0,2
BRDA:23,5,0,8
BRDA:24,6,0,2
BRDA:24,7,0,8
BRDA:24,8,0,3
BRDA:25,9,0,2
BRDA:25,10,0,8
BRDA:25,11,0,3
BRDA:26,12,0,2
BRDA:26,13,0,8
BRDA:27,14,0,2
BRDA:27,15,0,8
BRDA:28,16,0,2
BRDA:28,17,0,8
BRDA:31,18,0,17
BRDA:40,19,0,3
BRDA:57,20,0,9
BRDA:58,21,0,2
BRDA:59,22,0,7
BRDA:59,23,0,1
BRDA:60,24,0,6
BRDA:60,25,0,1
BRDA:61,26,0,5
BRDA:61,27,0,1
BRDA:62,28,0,4
BRDA:62,29,0,3
BRDA:62,30,0,1
BRDA:63,31,0,3
BRDA:65,32,0,2
BRDA:66,33,0,1
BRDA:67,34,0,2
BRDA:71,35,0,1
BRF:36
BRH:36
end_of_record
TN:
SF:src\lib\blockchain.ts
FN:17,Blockchain
FN:26,getLastBlock
FN:30,getDifficulty
FN:34,addBlock
FN:47,getBlock
FN:51,isValid
FN:62,getFeePerTx
FN:66,getNextBlock
FNF:8
FNH:8
FNDA:8,Blockchain
FNDA:5,getLastBlock
FNDA:7,getDifficulty
FNDA:4,addBlock
FNDA:1,getBlock
FNDA:3,isValid
FNDA:1,getFeePerTx
FNDA:1,getNextBlock
DA:1,1
DA:2,1
DA:3,1
DA:4,1
DA:5,1
DA:6,1
DA:7,1
DA:8,1
DA:9,1
DA:10,1
DA:11,1
DA:12,1
DA:13,1
DA:14,1
DA:15,1
DA:16,1
DA:17,1
DA:18,8
DA:19,8
DA:20,8
DA:21,8
DA:22,8
DA:23,8
DA:24,8
DA:25,1
DA:26,1
DA:27,5
DA:28,5
DA:29,1
DA:30,1
DA:31,7
DA:32,7
DA:33,1
DA:34,1
DA:35,4
DA:36,4
DA:37,4
DA:38,4
DA:39,4
DA:40,3
DA:41,3
DA:42,3
DA:43,3
DA:44,3
DA:45,3
DA:46,1
DA:47,1
DA:48,1
DA:49,1
DA:50,1
DA:51,1
DA:52,3
DA:53,2
DA:54,2
DA:55,2
DA:56,2
DA:57,2
DA:58,2
DA:59,2
DA:60,2
DA:61,1
DA:62,1
DA:63,1
DA:64,1
DA:65,1
DA:66,1
DA:67,1
DA:68,1
DA:69,1
DA:70,1
DA:71,1
DA:72,1
DA:73,1
DA:74,1
DA:75,1
DA:76,1
DA:77,1
DA:78,1
DA:79,1
DA:80,1
DA:81,1
DA:82,1
LF:82
LH:82
BRDA:17,0,0,8
BRDA:26,1,0,5
BRDA:30,2,0,7
BRDA:34,3,0,4
BRDA:39,4,0,1
BRDA:40,5,0,3
BRDA:47,6,0,1
BRDA:48,7,0,1
BRDA:51,8,0,3
BRDA:52,9,0,2
BRDA:57,10,0,1
BRDA:62,11,0,1
BRDA:66,12,0,1
BRF:13
BRH:13
end_of_record
TN:
SF:src\lib\validation.ts
FN:13,Validation
FNF:1
FNH:1
FNDA:25,Validation
DA:1,1
DA:2,1
DA:3,1
DA:4,1
DA:5,1
DA:6,1
DA:7,1
DA:8,1
DA:9,1
DA:10,1
DA:11,1
DA:12,1
DA:13,1
DA:14,25
DA:15,25
DA:16,25
DA:17,1
LF:17
LH:17
BRDA:13,0,0,25
BRF:1
BRH:1
end_of_record
TN:
SF:src\server\blockchainServer.ts
FNF:0
FNH:0
DA:1,1
DA:2,1
DA:3,1
DA:4,1
DA:5,1
DA:6,1
DA:7,1
DA:8,1
DA:9,1
DA:10,1
DA:11,1
DA:12,1
DA:13,1
DA:14,1
DA:15,1
DA:16,1
DA:17,1
DA:18,1
DA:19,1
DA:20,1
DA:21,1
DA:22,1
DA:23,1
DA:24,1
DA:25,1
DA:26,1
DA:27,1
DA:28,1
DA:29,1
DA:30,1
DA:31,1
DA:32,1
DA:33,1
DA:34,1
DA:35,1
DA:36,1
DA:37,1
DA:38,1
DA:39,1
DA:40,1
DA:41,1
DA:42,1
DA:43,1
DA:44,1
DA:45,1
DA:46,1
DA:47,1
DA:48,1
DA:49,1
DA:50,1
DA:51,1
DA:52,1
DA:53,1
DA:54,1
DA:55,1
DA:56,1
DA:57,1
DA:58,1
DA:59,1
DA:60,1
DA:61,1
DA:62,1
DA:63,1
DA:64,1
DA:65,1
DA:66,1
LF:66
LH:66
BRDA:10,0,0,1
BRDA:61,1,0,1
BRDA:22,2,0,1
BRDA:30,3,0,1
BRDA:34,4,0,1
BRDA:37,5,0,1
BRDA:38,6,0,1
BRDA:42,7,0,1
BRDA:43,8,0,1
BRDA:47,9,0,1
BRDA:48,10,0,1
BRDA:49,11,0,1
BRDA:54,12,0,1
BRF:13
BRH:13
end_of_record
